<?xml version="1.0" encoding="UTF-8"?>
<!-- Generated by org.testng.reporters.JUnitReportReporter -->
<testsuite hostname="Hp_Blaster" failures="0" tests="1" name="com.qa.testcases.RegisterTest" time="5.636" errors="0" timestamp="2024-04-29T13:31:50 IST" skipped="0">
  <testcase classname="com.qa.testcases.RegisterTest" name="verifyRegisterWithMandatoryField" time="5.636"/>
</testsuite> <!-- com.qa.testcases.RegisterTest -->
