<?xml version="1.0" encoding="UTF-8"?>
<!-- Generated by org.testng.reporters.JUnitReportReporter -->
<testsuite hostname="Hp_Blaster" failures="0" tests="1" name="com.qa.testcases.LoginTest" time="5.279" errors="0" timestamp="2024-04-29T13:31:50 IST" skipped="0">
  <testcase classname="com.qa.testcases.LoginTest" name="verifyWithValidCredentials" time="5.279"/>
</testsuite> <!-- com.qa.testcases.LoginTest -->
